CRITICAL - 2026-03-01 10:09:30 --> ParseError: syntax error, unexpected token "}", expecting ";"
[Method: GET, Route: /]
in APPPATH\Controllers\Home.php on line 10.
 1 SYSTEMPATH\Autoloader\Autoloader.php(295): CodeIgniter\Autoloader\Autoloader->includeFile('C:\\xampp\\htdocs\\lab11_php_ci\\ci4\\app\\Controllers\\Home.php')
 2 SYSTEMPATH\Autoloader\Autoloader.php(271): CodeIgniter\Autoloader\Autoloader->loadInNamespace('App\\Controllers\\Home')
 3 [internal function]: CodeIgniter\Autoloader\Autoloader->loadClass('App\\Controllers\\Home')
 4 SYSTEMPATH\Router\Router.php(792): class_exists('\\App\\Controllers\\Home')
 5 SYSTEMPATH\Router\Router.php(230): CodeIgniter\Router\Router->processRouteAttributes()
 6 SYSTEMPATH\CodeIgniter.php(829): CodeIgniter\Router\Router->handle('/')
 7 SYSTEMPATH\CodeIgniter.php(441): CodeIgniter\CodeIgniter->tryToRouteIt(Object(CodeIgniter\Router\RouteCollection))
 8 SYSTEMPATH\CodeIgniter.php(340): CodeIgniter\CodeIgniter->handleRequest(null, Object(Config\Cache), false)
 9 SYSTEMPATH\Boot.php(417): CodeIgniter\CodeIgniter->run()
10 SYSTEMPATH\Boot.php(68): CodeIgniter\Boot::runCodeIgniter(Object(CodeIgniter\CodeIgniter))
11 FCPATH\index.php(59): CodeIgniter\Boot::bootWeb(Object(Config\Paths))
CRITICAL - 2026-03-01 12:33:47 --> ParseError: syntax error, unexpected token "}", expecting ";" or "{"
[Method: CLI, Route: routes]
in APPPATH\Controllers\page.php on line 7.
 1 SYSTEMPATH\Autoloader\Autoloader.php(295): CodeIgniter\Autoloader\Autoloader->includeFile('C:\\xampp\\htdocs\\lab11_php_ci\\ci4\\app\\Controllers\\page.php')
 2 SYSTEMPATH\Autoloader\Autoloader.php(271): CodeIgniter\Autoloader\Autoloader->loadInNamespace('App\\Controllers\\page')
 3 [internal function]: CodeIgniter\Autoloader\Autoloader->loadClass('App\\Controllers\\page')
 4 SYSTEMPATH\Router\Router.php(792): class_exists('\\App\\Controllers\\page')
 5 SYSTEMPATH\Router\Router.php(230): CodeIgniter\Router\Router->processRouteAttributes()
 6 SYSTEMPATH\Commands\Utilities\Routes\FilterFinder.php(41): CodeIgniter\Router\Router->handle('about')
 7 SYSTEMPATH\Commands\Utilities\Routes\FilterFinder.php(57): CodeIgniter\Commands\Utilities\Routes\FilterFinder->getRouteFilters('about')
 8 SYSTEMPATH\Commands\Utilities\Routes\FilterCollector.php(78): CodeIgniter\Commands\Utilities\Routes\FilterFinder->find('about')
 9 SYSTEMPATH\Commands\Utilities\Routes.php(110): CodeIgniter\Commands\Utilities\Routes\FilterCollector->get('GET', 'about')
10 SYSTEMPATH\CLI\Commands.php(74): CodeIgniter\Commands\Utilities\Routes->run([])
11 SYSTEMPATH\CLI\Console.php(47): CodeIgniter\CLI\Commands->run('routes', [])
12 SYSTEMPATH\Boot.php(442): CodeIgniter\CLI\Console->run()
13 SYSTEMPATH\Boot.php(166): CodeIgniter\Boot::runCommand(Object(CodeIgniter\CLI\Console))
14 ROOTPATH\spark(87): CodeIgniter\Boot::bootSpark(Object(Config\Paths))
CRITICAL - 2026-03-01 12:37:57 --> ParseError: syntax error, unexpected token "}", expecting ";" or "{"
[Method: CLI, Route: routes]
in APPPATH\Controllers\page.php on line 7.
 1 SYSTEMPATH\Autoloader\Autoloader.php(295): CodeIgniter\Autoloader\Autoloader->includeFile('C:\\xampp\\htdocs\\lab11_php_ci\\ci4\\app\\Controllers\\page.php')
 2 SYSTEMPATH\Autoloader\Autoloader.php(271): CodeIgniter\Autoloader\Autoloader->loadInNamespace('App\\Controllers\\page')
 3 [internal function]: CodeIgniter\Autoloader\Autoloader->loadClass('App\\Controllers\\page')
 4 SYSTEMPATH\Router\Router.php(792): class_exists('\\App\\Controllers\\page')
 5 SYSTEMPATH\Router\Router.php(230): CodeIgniter\Router\Router->processRouteAttributes()
 6 SYSTEMPATH\Commands\Utilities\Routes\FilterFinder.php(41): CodeIgniter\Router\Router->handle('about')
 7 SYSTEMPATH\Commands\Utilities\Routes\FilterFinder.php(57): CodeIgniter\Commands\Utilities\Routes\FilterFinder->getRouteFilters('about')
 8 SYSTEMPATH\Commands\Utilities\Routes\FilterCollector.php(78): CodeIgniter\Commands\Utilities\Routes\FilterFinder->find('about')
 9 SYSTEMPATH\Commands\Utilities\Routes.php(110): CodeIgniter\Commands\Utilities\Routes\FilterCollector->get('GET', 'about')
10 SYSTEMPATH\CLI\Commands.php(74): CodeIgniter\Commands\Utilities\Routes->run([])
11 SYSTEMPATH\CLI\Console.php(47): CodeIgniter\CLI\Commands->run('routes', [])
12 SYSTEMPATH\Boot.php(442): CodeIgniter\CLI\Console->run()
13 SYSTEMPATH\Boot.php(166): CodeIgniter\Boot::runCommand(Object(CodeIgniter\CLI\Console))
14 ROOTPATH\spark(87): CodeIgniter\Boot::bootSpark(Object(Config\Paths))
